{"/home/nas/Documents/work/birthday-app/src/application/services/BirthdayService.ts": {"path":"/home/nas/Documents/work/birthday-app/src/application/services/BirthdayService.ts","statementMap":{"0":{"start":{"line":1,"column":0},"end":{"line":1,"column":26}},"1":{"start":{"line":2,"column":0},"end":{"line":2,"column":55}},"2":{"start":{"line":5,"column":21},"end":{"line":5,"column":86}},"3":{"start":{"line":5,"column":37},"end":{"line":5,"column":86}},"4":{"start":{"line":5,"column":62},"end":{"line":5,"column":85}},"5":{"start":{"line":5,"column":13},"end":{"line":5,"column":21}},"6":{"start":{"line":7,"column":35},"end":{"line":87,"column":1}},"7":{"start":{"line":8,"column":21},"end":{"line":8,"column":22}},"8":{"start":{"line":11,"column":21},"end":{"line":13,"column":4}},"9":{"start":{"line":15,"column":2},"end":{"line":15,"column":26}},"10":{"start":{"line":15,"column":19},"end":{"line":15,"column":26}},"11":{"start":{"line":18,"column":2},"end":{"line":21,"column":3}},"12":{"start":{"line":19,"column":4},"end":{"line":19,"column":60}},"13":{"start":{"line":20,"column":4},"end":{"line":20,"column":11}},"14":{"start":{"line":23,"column":2},"end":{"line":86,"column":3}},"15":{"start":{"line":24,"column":20},"end":{"line":24,"column":82}},"16":{"start":{"line":26,"column":20},"end":{"line":29,"column":6}},"17":{"start":{"line":31,"column":4},"end":{"line":33,"column":6}},"18":{"start":{"line":35,"column":21},"end":{"line":44,"column":null}},"19":{"start":{"line":47,"column":4},"end":{"line":47,"column":76}},"20":{"start":{"line":49,"column":4},"end":{"line":56,"column":7}},"21":{"start":{"line":58,"column":4},"end":{"line":61,"column":6}},"22":{"start":{"line":63,"column":4},"end":{"line":69,"column":7}},"23":{"start":{"line":71,"column":4},"end":{"line":77,"column":7}},"24":{"start":{"line":79,"column":21},"end":{"line":79,"column":66}},"25":{"start":{"line":80,"column":4},"end":{"line":80,"column":66}},"26":{"start":{"line":82,"column":4},"end":{"line":85,"column":5}},"27":{"start":{"line":83,"column":6},"end":{"line":83,"column":28}},"28":{"start":{"line":84,"column":6},"end":{"line":84,"column":38}},"29":{"start":{"line":7,"column":13},"end":{"line":7,"column":35}}},"fnMap":{"0":{"name":"(anonymous_1)","decl":{"start":{"line":5,"column":21},"end":{"line":5,"column":22}},"loc":{"start":{"line":5,"column":37},"end":{"line":5,"column":86}}},"1":{"name":"(anonymous_2)","decl":{"start":{"line":5,"column":49},"end":{"line":5,"column":50}},"loc":{"start":{"line":5,"column":62},"end":{"line":5,"column":85}}},"2":{"name":"(anonymous_3)","decl":{"start":{"line":7,"column":35},"end":{"line":7,"column":40}},"loc":{"start":{"line":7,"column":55},"end":{"line":87,"column":1}}}},"branchMap":{"0":{"loc":{"start":{"line":15,"column":2},"end":{"line":15,"column":26}},"type":"if","locations":[{"start":{"line":15,"column":2},"end":{"line":15,"column":26}}]},"1":{"loc":{"start":{"line":18,"column":2},"end":{"line":21,"column":3}},"type":"if","locations":[{"start":{"line":18,"column":2},"end":{"line":21,"column":3}}]},"2":{"loc":{"start":{"line":60,"column":6},"end":{"line":60,"column":43}},"type":"binary-expr","locations":[{"start":{"line":60,"column":6},"end":{"line":60,"column":26}},{"start":{"line":60,"column":30},"end":{"line":60,"column":43}}]},"3":{"loc":{"start":{"line":82,"column":4},"end":{"line":85,"column":5}},"type":"if","locations":[{"start":{"line":82,"column":4},"end":{"line":85,"column":5}}]}},"s":{"0":3,"1":3,"2":3,"3":1,"4":1,"5":3,"6":3,"7":9,"8":9,"9":9,"10":1,"11":8,"12":2,"13":2,"14":6,"15":6,"16":6,"17":6,"18":6,"19":2,"20":2,"21":4,"22":4,"23":4,"24":4,"25":4,"26":4,"27":3,"28":3,"29":3},"f":{"0":1,"1":1,"2":9},"b":{"0":[1],"1":[2],"2":[4,4],"3":[3]}}
,"/home/nas/Documents/work/birthday-app/src/application/services/UserService.ts": {"path":"/home/nas/Documents/work/birthday-app/src/application/services/UserService.ts","statementMap":{"0":{"start":{"line":1,"column":0},"end":{"line":1,"column":82}},"1":{"start":{"line":5,"column":10},"end":{"line":5,"column":48}},"2":{"start":{"line":8,"column":4},"end":{"line":14,"column":5}},"3":{"start":{"line":9,"column":21},"end":{"line":9,"column":63}},"4":{"start":{"line":11,"column":6},"end":{"line":11,"column":20}},"5":{"start":{"line":13,"column":6},"end":{"line":13,"column":18}},"6":{"start":{"line":18,"column":4},"end":{"line":18,"column":46}},"7":{"start":{"line":22,"column":4},"end":{"line":22,"column":52}},"8":{"start":{"line":26,"column":4},"end":{"line":26,"column":47}},"9":{"start":{"line":38,"column":4},"end":{"line":46,"column":7}},"10":{"start":{"line":4,"column":0},"end":{"line":4,"column":13}},"11":{"start":{"line":50,"column":13},"end":{"line":50,"column":45}}},"fnMap":{"0":{"name":"(anonymous_0)","decl":{"start":{"line":4,"column":0},"end":{"line":4,"column":13}},"loc":{"start":{"line":4,"column":0},"end":{"line":48,"column":1}}},"1":{"name":"(anonymous_1)","decl":{"start":{"line":7,"column":2},"end":{"line":7,"column":7}},"loc":{"start":{"line":7,"column":29},"end":{"line":15,"column":3}}},"2":{"name":"(anonymous_2)","decl":{"start":{"line":17,"column":2},"end":{"line":17,"column":7}},"loc":{"start":{"line":17,"column":29},"end":{"line":19,"column":3}}},"3":{"name":"(anonymous_3)","decl":{"start":{"line":21,"column":2},"end":{"line":21,"column":7}},"loc":{"start":{"line":21,"column":50},"end":{"line":23,"column":3}}},"4":{"name":"(anonymous_4)","decl":{"start":{"line":25,"column":2},"end":{"line":25,"column":7}},"loc":{"start":{"line":25,"column":26},"end":{"line":27,"column":3}}},"5":{"name":"(anonymous_5)","decl":{"start":{"line":29,"column":2},"end":{"line":29,"column":7}},"loc":{"start":{"line":36,"column":18},"end":{"line":47,"column":3}}}},"branchMap":{},"s":{"0":3,"1":6,"2":2,"3":2,"4":2,"5":0,"6":2,"7":3,"8":3,"9":2,"10":3,"11":3},"f":{"0":6,"1":2,"2":2,"3":3,"4":3,"5":2},"b":{}}
,"/home/nas/Documents/work/birthday-app/src/docs/swagger.ts": {"path":"/home/nas/Documents/work/birthday-app/src/docs/swagger.ts","statementMap":{"0":{"start":{"line":2,"column":24},"end":{"line":238,"column":2}},"1":{"start":{"line":240,"column":0},"end":{"line":240,"column":31}}},"fnMap":{},"branchMap":{},"s":{"0":2,"1":2},"f":{},"b":{}}
,"/home/nas/Documents/work/birthday-app/src/infrastructure/scheduler.ts": {"path":"/home/nas/Documents/work/birthday-app/src/infrastructure/scheduler.ts","statementMap":{"0":{"start":{"line":1,"column":0},"end":{"line":1,"column":29}},"1":{"start":{"line":2,"column":0},"end":{"line":2,"column":37}},"2":{"start":{"line":3,"column":0},"end":{"line":3,"column":36}},"3":{"start":{"line":4,"column":0},"end":{"line":4,"column":78}},"4":{"start":{"line":7,"column":0},"end":{"line":46,"column":3}},"5":{"start":{"line":8,"column":17},"end":{"line":8,"column":29}},"6":{"start":{"line":9,"column":2},"end":{"line":9,"column":56}},"7":{"start":{"line":11,"column":2},"end":{"line":43,"column":3}},"8":{"start":{"line":12,"column":18},"end":{"line":19,"column":6}},"9":{"start":{"line":21,"column":4},"end":{"line":40,"column":5}},"10":{"start":{"line":22,"column":28},"end":{"line":22,"column":60}},"11":{"start":{"line":23,"column":23},"end":{"line":23,"column":62}},"12":{"start":{"line":26,"column":8},"end":{"line":27,"column":50}},"13":{"start":{"line":28,"column":20},"end":{"line":28,"column":78}},"14":{"start":{"line":30,"column":6},"end":{"line":39,"column":7}},"15":{"start":{"line":37,"column":8},"end":{"line":37,"column":57}},"16":{"start":{"line":38,"column":8},"end":{"line":38,"column":40}},"17":{"start":{"line":42,"column":4},"end":{"line":42,"column":50}}},"fnMap":{"0":{"name":"(anonymous_1)","decl":{"start":{"line":7,"column":27},"end":{"line":7,"column":32}},"loc":{"start":{"line":7,"column":38},"end":{"line":46,"column":1}}}},"branchMap":{"0":{"loc":{"start":{"line":26,"column":8},"end":{"line":27,"column":50}},"type":"binary-expr","locations":[{"start":{"line":26,"column":8},"end":{"line":26,"column":48}},{"start":{"line":27,"column":8},"end":{"line":27,"column":50}}]},"1":{"loc":{"start":{"line":28,"column":20},"end":{"line":28,"column":78}},"type":"binary-expr","locations":[{"start":{"line":28,"column":20},"end":{"line":28,"column":46}},{"start":{"line":28,"column":50},"end":{"line":28,"column":78}}]},"2":{"loc":{"start":{"line":30,"column":6},"end":{"line":39,"column":7}},"type":"if","locations":[{"start":{"line":30,"column":6},"end":{"line":39,"column":7}}]},"3":{"loc":{"start":{"line":31,"column":8},"end":{"line":35,"column":64}},"type":"binary-expr","locations":[{"start":{"line":31,"column":9},"end":{"line":31,"column":24}},{"start":{"line":32,"column":10},"end":{"line":32,"column":15}},{"start":{"line":33,"column":10},"end":{"line":33,"column":42}},{"start":{"line":34,"column":10},"end":{"line":34,"column":32}},{"start":{"line":35,"column":9},"end":{"line":35,"column":40}},{"start":{"line":35,"column":44},"end":{"line":35,"column":63}}]}},"s":{"0":7,"1":7,"2":7,"3":7,"4":7,"5":3,"6":3,"7":3,"8":3,"9":2,"10":0,"11":0,"12":0,"13":0,"14":0,"15":0,"16":0,"17":1},"f":{"0":3},"b":{"0":[0,0],"1":[0,0],"2":[0],"3":[0,0,0,0,0,0]}}
,"/home/nas/Documents/work/birthday-app/src/infrastructure/repositories/UserRepository.ts": {"path":"/home/nas/Documents/work/birthday-app/src/infrastructure/repositories/UserRepository.ts","statementMap":{"0":{"start":{"line":2,"column":0},"end":{"line":2,"column":60}},"1":{"start":{"line":4,"column":0},"end":{"line":4,"column":37}},"2":{"start":{"line":18,"column":4},"end":{"line":25,"column":5}},"3":{"start":{"line":19,"column":21},"end":{"line":19,"column":61}},"4":{"start":{"line":21,"column":6},"end":{"line":21,"column":20}},"5":{"start":{"line":23,"column":6},"end":{"line":23,"column":57}},"6":{"start":{"line":24,"column":6},"end":{"line":24,"column":18}},"7":{"start":{"line":29,"column":4},"end":{"line":29,"column":48}},"8":{"start":{"line":33,"column":4},"end":{"line":33,"column":61}},"9":{"start":{"line":37,"column":4},"end":{"line":37,"column":53}},"10":{"start":{"line":51,"column":8},"end":{"line":51,"column":15}},"11":{"start":{"line":53,"column":24},"end":{"line":78,"column":6}},"12":{"start":{"line":80,"column":18},"end":{"line":80,"column":65}},"13":{"start":{"line":82,"column":18},"end":{"line":89,"column":6}},"14":{"start":{"line":91,"column":4},"end":{"line":91,"column":28}},"15":{"start":{"line":16,"column":0},"end":{"line":16,"column":13}}},"fnMap":{"0":{"name":"(anonymous_1)","decl":{"start":{"line":17,"column":2},"end":{"line":17,"column":7}},"loc":{"start":{"line":17,"column":29},"end":{"line":26,"column":3}}},"1":{"name":"(anonymous_2)","decl":{"start":{"line":28,"column":2},"end":{"line":28,"column":7}},"loc":{"start":{"line":28,"column":29},"end":{"line":30,"column":3}}},"2":{"name":"(anonymous_3)","decl":{"start":{"line":32,"column":2},"end":{"line":32,"column":7}},"loc":{"start":{"line":32,"column":50},"end":{"line":34,"column":3}}},"3":{"name":"(anonymous_4)","decl":{"start":{"line":36,"column":2},"end":{"line":36,"column":7}},"loc":{"start":{"line":36,"column":30},"end":{"line":38,"column":3}}},"4":{"name":"(anonymous_5)","decl":{"start":{"line":40,"column":2},"end":{"line":40,"column":7}},"loc":{"start":{"line":41,"column":28},"end":{"line":92,"column":3}}}},"branchMap":{"0":{"loc":{"start":{"line":44,"column":6},"end":{"line":44,"column":14}},"type":"default-arg","locations":[{"start":{"line":44,"column":13},"end":{"line":44,"column":14}}]},"1":{"loc":{"start":{"line":45,"column":6},"end":{"line":45,"column":18}},"type":"default-arg","locations":[{"start":{"line":45,"column":16},"end":{"line":45,"column":18}}]},"2":{"loc":{"start":{"line":46,"column":6},"end":{"line":46,"column":26}},"type":"default-arg","locations":[{"start":{"line":46,"column":15},"end":{"line":46,"column":26}}]},"3":{"loc":{"start":{"line":47,"column":6},"end":{"line":47,"column":23}},"type":"default-arg","locations":[{"start":{"line":47,"column":18},"end":{"line":47,"column":23}}]},"4":{"loc":{"start":{"line":55,"column":8},"end":{"line":74,"column":14}},"type":"cond-expr","locations":[{"start":{"line":56,"column":12},"end":{"line":73,"column":null}},{"start":{"line":74,"column":12},"end":{"line":74,"column":14}}]},"5":{"loc":{"start":{"line":75,"column":8},"end":{"line":75,"column":58}},"type":"cond-expr","locations":[{"start":{"line":75,"column":19},"end":{"line":75,"column":53}},{"start":{"line":75,"column":56},"end":{"line":75,"column":58}}]},"6":{"loc":{"start":{"line":76,"column":8},"end":{"line":76,"column":49}},"type":"cond-expr","locations":[{"start":{"line":76,"column":16},"end":{"line":76,"column":44}},{"start":{"line":76,"column":47},"end":{"line":76,"column":49}}]}},"s":{"0":4,"1":4,"2":3,"3":3,"4":3,"5":0,"6":0,"7":2,"8":3,"9":3,"10":3,"11":3,"12":3,"13":3,"14":3,"15":4},"f":{"0":3,"1":2,"2":3,"3":3,"4":3},"b":{"0":[0],"1":[0],"2":[2],"3":[2],"4":[0,3],"5":[0,3],"6":[0,3]}}
,"/home/nas/Documents/work/birthday-app/src/presentation/controllers/UserController.ts": {"path":"/home/nas/Documents/work/birthday-app/src/presentation/controllers/UserController.ts","statementMap":{"0":{"start":{"line":2,"column":0},"end":{"line":2,"column":69}},"1":{"start":{"line":3,"column":0},"end":{"line":3,"column":null}},"2":{"start":{"line":9,"column":20},"end":{"line":9,"column":37}},"3":{"start":{"line":13,"column":4},"end":{"line":20,"column":5}},"4":{"start":{"line":14,"column":19},"end":{"line":14,"column":57}},"5":{"start":{"line":16,"column":6},"end":{"line":16,"column":79}},"6":{"start":{"line":18,"column":6},"end":{"line":18,"column":60}},"7":{"start":{"line":19,"column":6},"end":{"line":19,"column":18}},"8":{"start":{"line":24,"column":4},"end":{"line":35,"column":5}},"9":{"start":{"line":25,"column":19},"end":{"line":25,"column":67}},"10":{"start":{"line":26,"column":6},"end":{"line":29,"column":7}},"11":{"start":{"line":27,"column":8},"end":{"line":27,"column":67}},"12":{"start":{"line":28,"column":8},"end":{"line":28,"column":15}},"13":{"start":{"line":30,"column":6},"end":{"line":32,"column":68}},"14":{"start":{"line":34,"column":6},"end":{"line":34,"column":69}},"15":{"start":{"line":39,"column":4},"end":{"line":50,"column":5}},"16":{"start":{"line":40,"column":26},"end":{"line":42,"column":null}},"17":{"start":{"line":44,"column":6},"end":{"line":46,"column":73}},"18":{"start":{"line":47,"column":6},"end":{"line":47,"column":13}},"19":{"start":{"line":49,"column":6},"end":{"line":49,"column":67}},"20":{"start":{"line":54,"column":4},"end":{"line":60,"column":5}},"21":{"start":{"line":55,"column":6},"end":{"line":55,"column":58}},"22":{"start":{"line":56,"column":6},"end":{"line":56,"column":73}},"23":{"start":{"line":57,"column":6},"end":{"line":57,"column":13}},"24":{"start":{"line":59,"column":6},"end":{"line":59,"column":67}},"25":{"start":{"line":64,"column":4},"end":{"line":99,"column":5}},"26":{"start":{"line":65,"column":19},"end":{"line":65,"column":46}},"27":{"start":{"line":66,"column":22},"end":{"line":66,"column":53}},"28":{"start":{"line":68,"column":9},"end":{"line":69,"column":19}},"29":{"start":{"line":70,"column":25},"end":{"line":70,"column":72}},"30":{"start":{"line":71,"column":21},"end":{"line":71,"column":47}},"31":{"start":{"line":72,"column":23},"end":{"line":72,"column":51}},"32":{"start":{"line":73,"column":20},"end":{"line":73,"column":45}},"33":{"start":{"line":75,"column":31},"end":{"line":82,"column":null}},"34":{"start":{"line":85,"column":25},"end":{"line":90,"column":8}},"35":{"start":{"line":92,"column":6},"end":{"line":96,"column":10}},"36":{"start":{"line":98,"column":6},"end":{"line":98,"column":70}},"37":{"start":{"line":11,"column":0},"end":{"line":11,"column":13}}},"fnMap":{"0":{"name":"(anonymous_0)","decl":{"start":{"line":12,"column":2},"end":{"line":12,"column":8}},"loc":{"start":{"line":12,"column":73},"end":{"line":21,"column":3}}},"1":{"name":"(anonymous_1)","decl":{"start":{"line":23,"column":2},"end":{"line":23,"column":8}},"loc":{"start":{"line":23,"column":70},"end":{"line":36,"column":3}}},"2":{"name":"(anonymous_2)","decl":{"start":{"line":38,"column":2},"end":{"line":38,"column":8}},"loc":{"start":{"line":38,"column":73},"end":{"line":51,"column":3}}},"3":{"name":"(anonymous_3)","decl":{"start":{"line":53,"column":2},"end":{"line":53,"column":8}},"loc":{"start":{"line":53,"column":73},"end":{"line":61,"column":3}}},"4":{"name":"(anonymous_4)","decl":{"start":{"line":63,"column":2},"end":{"line":63,"column":8}},"loc":{"start":{"line":63,"column":72},"end":{"line":100,"column":3}}}},"branchMap":{"0":{"loc":{"start":{"line":26,"column":6},"end":{"line":29,"column":7}},"type":"if","locations":[{"start":{"line":26,"column":6},"end":{"line":29,"column":7}}]},"1":{"loc":{"start":{"line":65,"column":19},"end":{"line":65,"column":46}},"type":"binary-expr","locations":[{"start":{"line":65,"column":19},"end":{"line":65,"column":41}},{"start":{"line":65,"column":45},"end":{"line":65,"column":46}}]},"2":{"loc":{"start":{"line":66,"column":22},"end":{"line":66,"column":53}},"type":"binary-expr","locations":[{"start":{"line":66,"column":22},"end":{"line":66,"column":47}},{"start":{"line":66,"column":51},"end":{"line":66,"column":53}}]},"3":{"loc":{"start":{"line":68,"column":9},"end":{"line":69,"column":19}},"type":"binary-expr","locations":[{"start":{"line":68,"column":9},"end":{"line":68,"column":68}},{"start":{"line":69,"column":8},"end":{"line":69,"column":19}}]},"4":{"loc":{"start":{"line":70,"column":25},"end":{"line":70,"column":72}},"type":"binary-expr","locations":[{"start":{"line":70,"column":25},"end":{"line":70,"column":63}},{"start":{"line":70,"column":67},"end":{"line":70,"column":72}}]}},"s":{"0":2,"1":2,"2":2,"3":1,"4":1,"5":1,"6":0,"7":0,"8":2,"9":2,"10":2,"11":1,"12":1,"13":1,"14":0,"15":2,"16":2,"17":1,"18":1,"19":1,"20":1,"21":1,"22":1,"23":1,"24":0,"25":1,"26":1,"27":1,"28":1,"29":1,"30":1,"31":1,"32":1,"33":1,"34":1,"35":1,"36":0,"37":2},"f":{"0":1,"1":2,"2":2,"3":1,"4":1},"b":{"0":[1],"1":[1,1],"2":[1,1],"3":[1,1],"4":[1,1]}}
,"/home/nas/Documents/work/birthday-app/src/presentation/middlewares/errorHandler.ts": {"path":"/home/nas/Documents/work/birthday-app/src/presentation/middlewares/errorHandler.ts","statementMap":{"0":{"start":{"line":4,"column":28},"end":{"line":12,"column":1}},"1":{"start":{"line":10,"column":2},"end":{"line":10,"column":27}},"2":{"start":{"line":11,"column":2},"end":{"line":11,"column":49}},"3":{"start":{"line":4,"column":13},"end":{"line":4,"column":28}}},"fnMap":{"0":{"name":"(anonymous_0)","decl":{"start":{"line":4,"column":28},"end":{"line":4,"column":null}},"loc":{"start":{"line":9,"column":4},"end":{"line":12,"column":1}}}},"branchMap":{},"s":{"0":3,"1":1,"2":1,"3":3},"f":{"0":1},"b":{}}
,"/home/nas/Documents/work/birthday-app/src/presentation/middlewares/validateUser.ts": {"path":"/home/nas/Documents/work/birthday-app/src/presentation/middlewares/validateUser.ts","statementMap":{"0":{"start":{"line":3,"column":28},"end":{"line":35,"column":1}},"1":{"start":{"line":8,"column":61},"end":{"line":8,"column":69}},"2":{"start":{"line":10,"column":2},"end":{"line":16,"column":3}},"3":{"start":{"line":11,"column":4},"end":{"line":14,"column":7}},"4":{"start":{"line":15,"column":4},"end":{"line":15,"column":11}},"5":{"start":{"line":18,"column":21},"end":{"line":18,"column":49}},"6":{"start":{"line":19,"column":2},"end":{"line":22,"column":3}},"7":{"start":{"line":20,"column":4},"end":{"line":20,"column":63}},"8":{"start":{"line":21,"column":4},"end":{"line":21,"column":11}},"9":{"start":{"line":25,"column":4},"end":{"line":25,"column":78}},"10":{"start":{"line":26,"column":2},"end":{"line":32,"column":3}},"11":{"start":{"line":27,"column":4},"end":{"line":30,"column":7}},"12":{"start":{"line":31,"column":4},"end":{"line":31,"column":11}},"13":{"start":{"line":34,"column":2},"end":{"line":34,"column":9}},"14":{"start":{"line":3,"column":13},"end":{"line":3,"column":28}}},"fnMap":{"0":{"name":"(anonymous_0)","decl":{"start":{"line":3,"column":28},"end":{"line":3,"column":null}},"loc":{"start":{"line":7,"column":10},"end":{"line":35,"column":1}}}},"branchMap":{"0":{"loc":{"start":{"line":10,"column":2},"end":{"line":16,"column":3}},"type":"if","locations":[{"start":{"line":10,"column":2},"end":{"line":16,"column":3}}]},"1":{"loc":{"start":{"line":10,"column":6},"end":{"line":10,"column":65}},"type":"binary-expr","locations":[{"start":{"line":10,"column":6},"end":{"line":10,"column":16}},{"start":{"line":10,"column":20},"end":{"line":10,"column":29}},{"start":{"line":10,"column":33},"end":{"line":10,"column":42}},{"start":{"line":10,"column":46},"end":{"line":10,"column":55}},{"start":{"line":10,"column":59},"end":{"line":10,"column":65}}]},"2":{"loc":{"start":{"line":19,"column":2},"end":{"line":22,"column":3}},"type":"if","locations":[{"start":{"line":19,"column":2},"end":{"line":22,"column":3}}]},"3":{"loc":{"start":{"line":26,"column":2},"end":{"line":32,"column":3}},"type":"if","locations":[{"start":{"line":26,"column":2},"end":{"line":32,"column":3}}]}},"s":{"0":3,"1":9,"2":9,"3":3,"4":3,"5":6,"6":6,"7":1,"8":1,"9":5,"10":5,"11":1,"12":1,"13":4,"14":3},"f":{"0":9},"b":{"0":[3],"1":[9,8,6,6,6],"2":[1],"3":[1]}}
,"/home/nas/Documents/work/birthday-app/src/presentation/routes/userRoute.ts": {"path":"/home/nas/Documents/work/birthday-app/src/presentation/routes/userRoute.ts","statementMap":{"0":{"start":{"line":2,"column":0},"end":{"line":2,"column":33}},"1":{"start":{"line":3,"column":0},"end":{"line":3,"column":63}},"2":{"start":{"line":4,"column":0},"end":{"line":4,"column":58}},"3":{"start":{"line":6,"column":15},"end":{"line":6,"column":23}},"4":{"start":{"line":8,"column":0},"end":{"line":8,"column":62}},"5":{"start":{"line":9,"column":0},"end":{"line":9,"column":54}},"6":{"start":{"line":10,"column":0},"end":{"line":10,"column":65}},"7":{"start":{"line":11,"column":0},"end":{"line":11,"column":48}},"8":{"start":{"line":12,"column":0},"end":{"line":12,"column":47}},"9":{"start":{"line":14,"column":0},"end":{"line":14,"column":22}}},"fnMap":{},"branchMap":{},"s":{"0":2,"1":2,"2":2,"3":2,"4":2,"5":2,"6":2,"7":2,"8":2,"9":2},"f":{},"b":{}}
,"/home/nas/Documents/work/birthday-app/src/shared/utils/ApiResponse.ts": {"path":"/home/nas/Documents/work/birthday-app/src/shared/utils/ApiResponse.ts","statementMap":{"0":{"start":{"line":15,"column":0},"end":{"line":15,"column":16}},"1":{"start":{"line":28,"column":0},"end":{"line":28,"column":16}},"2":{"start":{"line":40,"column":0},"end":{"line":40,"column":16}},"3":{"start":{"line":20,"column":2},"end":{"line":25,"column":4}},"4":{"start":{"line":32,"column":2},"end":{"line":37,"column":4}},"5":{"start":{"line":46,"column":2},"end":{"line":54,"column":4}}},"fnMap":{"0":{"name":"successResponse","decl":{"start":{"line":15,"column":16},"end":{"line":15,"column":31}},"loc":{"start":{"line":18,"column":20},"end":{"line":26,"column":1}}},"1":{"name":"errorResponse","decl":{"start":{"line":28,"column":16},"end":{"line":28,"column":29}},"loc":{"start":{"line":30,"column":20},"end":{"line":38,"column":1}}},"2":{"name":"paginatedResponse","decl":{"start":{"line":40,"column":16},"end":{"line":40,"column":33}},"loc":{"start":{"line":44,"column":20},"end":{"line":55,"column":1}}}},"branchMap":{"0":{"loc":{"start":{"line":18,"column":2},"end":{"line":18,"column":20}},"type":"default-arg","locations":[{"start":{"line":18,"column":17},"end":{"line":18,"column":20}}]},"1":{"loc":{"start":{"line":30,"column":2},"end":{"line":30,"column":20}},"type":"default-arg","locations":[{"start":{"line":30,"column":17},"end":{"line":30,"column":20}}]},"2":{"loc":{"start":{"line":44,"column":2},"end":{"line":44,"column":20}},"type":"default-arg","locations":[{"start":{"line":44,"column":17},"end":{"line":44,"column":20}}]}},"s":{"0":3,"1":3,"2":3,"3":6,"4":3,"5":2},"f":{"0":6,"1":3,"2":2},"b":{"0":[5],"1":[1],"2":[2]}}
}
