TN:
SF:src/index.ts
FN:12,(anonymous_1)
FN:28,(anonymous_2)
FNF:2
FNH:1
FNDA:2,(anonymous_1)
FNDA:0,(anonymous_2)
DA:1,2
DA:2,2
DA:3,2
DA:4,2
DA:6,2
DA:7,2
DA:9,2
DA:12,2
DA:13,2
DA:20,2
DA:23,2
DA:25,2
DA:27,2
DA:28,0
DA:31,2
LF:15
LH:14
BRDA:25,0,0,2
BRDA:25,0,1,0
BRDA:27,1,0,0
BRDA:27,2,0,2
BRDA:27,2,1,2
BRF:5
BRH:3
end_of_record
TN:
SF:src/application/services/UserService.ts
FN:4,(anonymous_0)
FN:7,(anonymous_1)
FN:17,(anonymous_2)
FN:21,(anonymous_3)
FN:25,(anonymous_4)
FN:29,(anonymous_5)
FNF:6
FNH:6
FNDA:6,(anonymous_0)
FNDA:2,(anonymous_1)
FNDA:2,(anonymous_2)
FNDA:3,(anonymous_3)
FNDA:3,(anonymous_4)
FNDA:2,(anonymous_5)
DA:1,3
DA:4,3
DA:5,6
DA:8,2
DA:9,2
DA:11,2
DA:13,0
DA:18,2
DA:22,3
DA:26,3
DA:38,2
DA:50,3
LF:12
LH:11
BRF:0
BRH:0
end_of_record
TN:
SF:src/infrastructure/repositories/UserRepository.ts
FN:17,(anonymous_1)
FN:28,(anonymous_2)
FN:32,(anonymous_3)
FN:36,(anonymous_4)
FN:40,(anonymous_5)
FNF:5
FNH:5
FNDA:3,(anonymous_1)
FNDA:2,(anonymous_2)
FNDA:3,(anonymous_3)
FNDA:3,(anonymous_4)
FNDA:3,(anonymous_5)
DA:2,4
DA:4,4
DA:16,4
DA:18,3
DA:19,3
DA:21,3
DA:23,0
DA:24,0
DA:29,2
DA:33,3
DA:37,3
DA:51,3
DA:53,3
DA:80,3
DA:82,3
DA:91,3
LF:16
LH:14
BRDA:44,0,0,0
BRDA:45,1,0,0
BRDA:46,2,0,2
BRDA:47,3,0,2
BRDA:55,4,0,0
BRDA:55,4,1,3
BRDA:75,5,0,0
BRDA:75,5,1,3
BRDA:76,6,0,0
BRDA:76,6,1,3
BRF:10
BRH:5
end_of_record
TN:
SF:src/presentation/controllers/UserController.ts
FN:12,(anonymous_0)
FN:23,(anonymous_1)
FN:38,(anonymous_2)
FN:53,(anonymous_3)
FN:63,(anonymous_4)
FNF:5
FNH:5
FNDA:1,(anonymous_0)
FNDA:2,(anonymous_1)
FNDA:2,(anonymous_2)
FNDA:1,(anonymous_3)
FNDA:1,(anonymous_4)
DA:2,2
DA:3,2
DA:9,2
DA:11,2
DA:13,1
DA:14,1
DA:16,1
DA:18,0
DA:19,0
DA:24,2
DA:25,2
DA:26,2
DA:27,1
DA:28,1
DA:30,1
DA:34,0
DA:39,2
DA:40,2
DA:44,1
DA:47,1
DA:49,1
DA:54,1
DA:55,1
DA:56,1
DA:57,1
DA:59,0
DA:64,1
DA:65,1
DA:66,1
DA:68,1
DA:70,1
DA:71,1
DA:72,1
DA:73,1
DA:75,1
DA:85,1
DA:92,1
DA:98,0
LF:38
LH:33
BRDA:26,0,0,1
BRDA:65,1,0,1
BRDA:65,1,1,1
BRDA:66,2,0,1
BRDA:66,2,1,1
BRDA:68,3,0,1
BRDA:68,3,1,1
BRDA:70,4,0,1
BRDA:70,4,1,1
BRF:9
BRH:9
end_of_record
TN:
SF:src/presentation/middlewares/errorHandler.ts
FN:4,(anonymous_0)
FNF:1
FNH:1
FNDA:1,(anonymous_0)
DA:4,3
DA:10,1
DA:11,1
LF:3
LH:3
BRF:0
BRH:0
end_of_record
TN:
SF:src/presentation/middlewares/validateUser.ts
FN:3,(anonymous_0)
FNF:1
FNH:1
FNDA:9,(anonymous_0)
DA:3,3
DA:8,9
DA:10,9
DA:11,3
DA:15,3
DA:18,6
DA:19,6
DA:20,1
DA:21,1
DA:25,5
DA:26,5
DA:27,1
DA:31,1
DA:34,4
LF:14
LH:14
BRDA:10,0,0,3
BRDA:10,1,0,9
BRDA:10,1,1,8
BRDA:10,1,2,6
BRDA:10,1,3,6
BRDA:10,1,4,6
BRDA:19,2,0,1
BRDA:26,3,0,1
BRF:8
BRH:8
end_of_record
TN:
SF:src/presentation/routes/userRoute.ts
FNF:0
FNH:0
DA:2,2
DA:3,2
DA:4,2
DA:6,2
DA:8,2
DA:9,2
DA:10,2
DA:11,2
DA:12,2
DA:14,2
LF:10
LH:10
BRF:0
BRH:0
end_of_record
TN:
SF:src/shared/utils/ApiResponse.ts
FN:15,successResponse
FN:28,errorResponse
FN:40,paginatedResponse
FNF:3
FNH:3
FNDA:6,successResponse
FNDA:3,errorResponse
FNDA:2,paginatedResponse
DA:15,3
DA:20,6
DA:28,3
DA:32,3
DA:40,3
DA:46,2
LF:6
LH:6
BRDA:18,0,0,5
BRDA:30,1,0,1
BRDA:44,2,0,2
BRF:3
BRH:3
end_of_record
